<?xml version="1.0" encoding="UTF-8"?>
<testng-results ignored="1" total="2" passed="1" failed="0" skipped="0">
  <reporter-output>
  </reporter-output>
  <suite started-at="2022-04-25T14:15:07 IST" name="Default suite" finished-at="2022-04-25T14:15:07 IST" duration-ms="86">
    <groups>
    </groups>
    <test started-at="2022-04-25T14:15:07 IST" name="Default test" finished-at="2022-04-25T14:15:07 IST" duration-ms="86">
      <class name="practice.mavenproj.basic2Test">
        <test-method signature="b22()[pri:0, instance:practice.mavenproj.basic2Test@5562c41e]" started-at="2022-04-25T14:15:07 IST" name="b22" finished-at="2022-04-25T14:15:07 IST" duration-ms="15" status="PASS">
          <reporter-output>
          </reporter-output>
        </test-method> <!-- b22 -->
      </class> <!-- practice.mavenproj.basic2Test -->
    </test> <!-- Default test -->
  </suite> <!-- Default suite -->
</testng-results>
