<?xml version="1.0" encoding="UTF-8"?>
<!-- Generated by org.testng.reporters.JUnitXMLReporter -->
<testsuite ignored="0" hostname="Rinku" failures="0" tests="6" name="Surefire test" time="0.104" errors="0" timestamp="2022-04-25T14:18:13 IST">
  <testcase classname="practice.mavenproj.basic1Test" name="b1" time="0.014"/>
  <testcase classname="practice.mavenproj.basic1Test" name="b2" time="0.0"/>
  <testcase classname="practice.mavenproj.basic2Test" name="b21" time="0.0"/>
  <testcase classname="practice.mavenproj.basic2Test" name="b22" time="0.001"/>
  <testcase classname="practice.mavenproj.basicTest" name="b31" time="0.001"/>
  <testcase classname="practice.mavenproj.basicTest" name="b32" time="0.0"/>
</testsuite> <!-- Surefire test -->
